0
999337777
66 666
333666 666022 2777
4433555 555666096667775553
443 377
55 559994466699977733
8899993332226622
2 22299
7772243 3888 822290
442225556682277555088 88
9322288477772888999222
85559
76877755444 4442999
0222
99339999 922243662233 337733
99223557777338899477555 5599
222533 32233377779
44777799933377779933444
5533446688 888 888999333 333 3
44433 3669999777788833444
2224888 883669995667
55 55577 77755
5544426667744333444777688
9996033390799993229
539999
22666777223377779
22255 577774777 777 7770
7888444033555667777
66697665599955226668887 7777
44775593309996669999777444
44454099922
66773666299997777874559997777333
67777 77779999 977733666222
663 33399508334
8833328884449555
9 9944777722252777756633055
722 2 26744733555 52
066675577738855
55 5444 4455544
2229922366556222442229998
777 78855588999
6663374886222 222
9423889999355588332225888
77739999666
559999777
388
33306654407 7999669999222
3 3555
55 553388 88440
49999666
337
555777333978887779777796622777666
88333
944452695
668887744433733
7778
2 22292993344
22277643088442225553 37777
889977799933388833
88666 66577799
443335777 7555666 659
999922 222888999922
77 777752 2226699888
332228887777559922255998
999 999 9963777766888 88875777 7
776954443
66688899995444 444999944422669999
9999 999 9997778887772993222042
88877 77778833322777228
799933399 99 9999 9999
7770555885558222 22555857
3336779999888 888 8099
9558887225776688
7899994455 559966699977757777
3344499
666555444 44
33225554499442664
49555222
229999774477773332 25550
33222666266777
88 8885577855588 883355333
5566222
2227775566445999 997555999944
77778877666877333 36622
8882226
44436667777 77 7 7222555
99993299929993344454777755
544662277755
336662229996665587777477788 88
9755
25669955229977666508777
67777266
996655996664
4426669999662 22266644
559
9997777
5222088 8 8864445992266
7776222333226665888
444228844477222 29333888446
